C:\USERS\STEVE\DOCUMENTS\GITHUB\ZXING\CPP\BIN\LIBZXING.DIR\RELEASE\HYBRIDBINARIZER.OBJ
C:\USERS\STEVE\DOCUMENTS\GITHUB\ZXING\CPP\BIN\LIBZXING.DIR\RELEASE\GRIDSAMPLER.OBJ
C:\USERS\STEVE\DOCUMENTS\GITHUB\ZXING\CPP\BIN\LIBZXING.DIR\RELEASE\GREYSCALEROTATEDLUMINANCESOURCE.OBJ
C:\USERS\STEVE\DOCUMENTS\GITHUB\ZXING\CPP\BIN\LIBZXING.DIR\RELEASE\GREYSCALELUMINANCESOURCE.OBJ
C:\USERS\STEVE\DOCUMENTS\GITHUB\ZXING\CPP\BIN\LIBZXING.DIR\RELEASE\GLOBALHISTOGRAMBINARIZER.OBJ
C:\USERS\STEVE\DOCUMENTS\GITHUB\ZXING\CPP\BIN\LIBZXING.DIR\RELEASE\DETECTORRESULT.OBJ
C:\USERS\STEVE\DOCUMENTS\GITHUB\ZXING\CPP\BIN\LIBZXING.DIR\RELEASE\WHITERECTANGLEDETECTOR.OBJ
C:\USERS\STEVE\DOCUMENTS\GITHUB\ZXING\CPP\BIN\LIBZXING.DIR\RELEASE\MONOCHROMERECTANGLEDETECTOR.OBJ
C:\USERS\STEVE\DOCUMENTS\GITHUB\ZXING\CPP\BIN\LIBZXING.DIR\RELEASE\DECODERRESULT.OBJ
C:\USERS\STEVE\DOCUMENTS\GITHUB\ZXING\CPP\BIN\LIBZXING.DIR\RELEASE\CHARACTERSETECI.OBJ
C:\USERS\STEVE\DOCUMENTS\GITHUB\ZXING\CPP\BIN\LIBZXING.DIR\RELEASE\BITSOURCE.OBJ
C:\USERS\STEVE\DOCUMENTS\GITHUB\ZXING\CPP\BIN\LIBZXING.DIR\RELEASE\BITMATRIX.OBJ
C:\USERS\STEVE\DOCUMENTS\GITHUB\ZXING\CPP\BIN\LIBZXING.DIR\RELEASE\BITARRAYIO.OBJ
C:\USERS\STEVE\DOCUMENTS\GITHUB\ZXING\CPP\BIN\LIBZXING.DIR\RELEASE\BITARRAY.OBJ
C:\USERS\STEVE\DOCUMENTS\GITHUB\ZXING\CPP\BIN\LIBZXING.DIR\RELEASE\CHECKSUMEXCEPTION.OBJ
C:\USERS\STEVE\DOCUMENTS\GITHUB\ZXING\CPP\BIN\LIBZXING.DIR\RELEASE\BINARYBITMAP.OBJ
C:\USERS\STEVE\DOCUMENTS\GITHUB\ZXING\CPP\BIN\LIBZXING.DIR\RELEASE\BINARIZER.OBJ
C:\USERS\STEVE\DOCUMENTS\GITHUB\ZXING\CPP\BIN\LIBZXING.DIR\RELEASE\BARCODEFORMAT.OBJ
C:\USERS\STEVE\DOCUMENTS\GITHUB\ZXING\CPP\BIN\LIBZXING.DIR\RELEASE\AZTECREADER.OBJ
C:\USERS\STEVE\DOCUMENTS\GITHUB\ZXING\CPP\BIN\LIBZXING.DIR\RELEASE\AZTECDETECTORRESULT.OBJ
C:\USERS\STEVE\DOCUMENTS\GITHUB\ZXING\CPP\BIN\LIBZXING.DIR\RELEASE\MULTIDETECTOR.OBJ
C:\USERS\STEVE\DOCUMENTS\GITHUB\ZXING\CPP\BIN\LIBZXING.DIR\RELEASE\MULTIPLEBARCODEREADER.OBJ
C:\USERS\STEVE\DOCUMENTS\GITHUB\ZXING\CPP\BIN\LIBZXING.DIR\RELEASE\GENERICMULTIPLEBARCODEREADER.OBJ
C:\USERS\STEVE\DOCUMENTS\GITHUB\ZXING\CPP\BIN\LIBZXING.DIR\RELEASE\BYQUADRANTREADER.OBJ
C:\USERS\STEVE\DOCUMENTS\GITHUB\ZXING\CPP\BIN\LIBZXING.DIR\RELEASE\LUMINANCESOURCE.OBJ
C:\USERS\STEVE\DOCUMENTS\GITHUB\ZXING\CPP\BIN\LIBZXING.DIR\RELEASE\INVERTEDLUMINANCESOURCE.OBJ
C:\USERS\STEVE\DOCUMENTS\GITHUB\ZXING\CPP\BIN\LIBZXING.DIR\RELEASE\FORMATEXCEPTION.OBJ
C:\USERS\STEVE\DOCUMENTS\GITHUB\ZXING\CPP\BIN\LIBZXING.DIR\RELEASE\EXCEPTION.OBJ
C:\USERS\STEVE\DOCUMENTS\GITHUB\ZXING\CPP\BIN\LIBZXING.DIR\RELEASE\DECODEHINTS.OBJ
C:\USERS\STEVE\DOCUMENTS\GITHUB\ZXING\CPP\BIN\LIBZXING.DIR\RELEASE\DETECTOREXCEPTION.OBJ
C:\USERS\STEVE\DOCUMENTS\GITHUB\ZXING\CPP\BIN\LIBZXING.DIR\RELEASE\CORNERPOINT.OBJ
C:\USERS\STEVE\DOCUMENTS\GITHUB\ZXING\CPP\BIN\LIBZXING.DIR\RELEASE\DATAMATRIXREADER.OBJ
C:\USERS\STEVE\DOCUMENTS\GITHUB\ZXING\CPP\BIN\LIBZXING.DIR\RELEASE\STRINGUTILS.OBJ
C:\USERS\STEVE\DOCUMENTS\GITHUB\ZXING\CPP\BIN\LIBZXING.DIR\RELEASE\STR.OBJ
C:\USERS\STEVE\DOCUMENTS\GITHUB\ZXING\CPP\BIN\LIBZXING.DIR\RELEASE\REEDSOLOMONEXCEPTION.OBJ
C:\USERS\STEVE\DOCUMENTS\GITHUB\ZXING\CPP\BIN\LIBZXING.DIR\RELEASE\REEDSOLOMONDECODER.OBJ
C:\USERS\STEVE\DOCUMENTS\GITHUB\ZXING\CPP\BIN\LIBZXING.DIR\RELEASE\GENERICGFPOLY.OBJ
C:\USERS\STEVE\DOCUMENTS\GITHUB\ZXING\CPP\BIN\LIBZXING.DIR\RELEASE\GENERICGF.OBJ
C:\USERS\STEVE\DOCUMENTS\GITHUB\ZXING\CPP\BIN\LIBZXING.DIR\RELEASE\PERSPECTIVETRANSFORM.OBJ
C:\USERS\STEVE\DOCUMENTS\GITHUB\ZXING\CPP\BIN\LIBZXING.DIR\RELEASE\ILLEGALARGUMENTEXCEPTION.OBJ
C:\USERS\STEVE\DOCUMENTS\GITHUB\ZXING\CPP\BIN\LIBZXING.DIR\RELEASE\MODULUSPOLY.OBJ
C:\USERS\STEVE\DOCUMENTS\GITHUB\ZXING\CPP\BIN\LIBZXING.DIR\RELEASE\MODULUSGF.OBJ
C:\USERS\STEVE\DOCUMENTS\GITHUB\ZXING\CPP\BIN\LIBZXING.DIR\RELEASE\ERRORCORRECTION.OBJ
C:\USERS\STEVE\DOCUMENTS\GITHUB\ZXING\CPP\BIN\LIBZXING.DIR\RELEASE\UPCEREADER.OBJ
C:\USERS\STEVE\DOCUMENTS\GITHUB\ZXING\CPP\BIN\LIBZXING.DIR\RELEASE\UPCEANREADER.OBJ
C:\USERS\STEVE\DOCUMENTS\GITHUB\ZXING\CPP\BIN\LIBZXING.DIR\RELEASE\UPCAREADER.OBJ
C:\USERS\STEVE\DOCUMENTS\GITHUB\ZXING\CPP\BIN\LIBZXING.DIR\RELEASE\ONEDRESULTPOINT.OBJ
C:\USERS\STEVE\DOCUMENTS\GITHUB\ZXING\CPP\BIN\LIBZXING.DIR\RELEASE\ONEDREADER.OBJ
C:\USERS\STEVE\DOCUMENTS\GITHUB\ZXING\CPP\BIN\LIBZXING.DIR\RELEASE\MULTIFORMATUPCEANREADER.OBJ
C:\USERS\STEVE\DOCUMENTS\GITHUB\ZXING\CPP\BIN\LIBZXING.DIR\RELEASE\MULTIFORMATONEDREADER.OBJ
C:\USERS\STEVE\DOCUMENTS\GITHUB\ZXING\CPP\BIN\LIBZXING.DIR\RELEASE\ITFREADER.OBJ
C:\USERS\STEVE\DOCUMENTS\GITHUB\ZXING\CPP\BIN\LIBZXING.DIR\RELEASE\EAN8READER.OBJ
C:\USERS\STEVE\DOCUMENTS\GITHUB\ZXING\CPP\BIN\LIBZXING.DIR\RELEASE\EAN13READER.OBJ
C:\USERS\STEVE\DOCUMENTS\GITHUB\ZXING\CPP\BIN\LIBZXING.DIR\RELEASE\CODE93READER.OBJ
C:\USERS\STEVE\DOCUMENTS\GITHUB\ZXING\CPP\BIN\LIBZXING.DIR\RELEASE\CODE39READER.OBJ
C:\USERS\STEVE\DOCUMENTS\GITHUB\ZXING\CPP\BIN\LIBZXING.DIR\RELEASE\CODE128READER.OBJ
C:\USERS\STEVE\DOCUMENTS\GITHUB\ZXING\CPP\BIN\LIBZXING.DIR\RELEASE\CODABARREADER.OBJ
C:\USERS\STEVE\DOCUMENTS\GITHUB\ZXING\CPP\BIN\LIBZXING.DIR\RELEASE\MULTIFORMATREADER.OBJ
C:\USERS\STEVE\DOCUMENTS\GITHUB\ZXING\CPP\BIN\LIBZXING.DIR\RELEASE\QRCODEMULTIREADER.OBJ
C:\USERS\STEVE\DOCUMENTS\GITHUB\ZXING\CPP\BIN\LIBZXING.DIR\RELEASE\MULTIFINDERPATTERNFINDER.OBJ
C:\USERS\STEVE\DOCUMENTS\GITHUB\ZXING\CPP\BIN\LIBZXING.DIR\RELEASE\BIGINTEGERUTILS.OBJ
C:\USERS\STEVE\DOCUMENTS\GITHUB\ZXING\CPP\BIN\LIBZXING.DIR\RELEASE\BIGINTEGERALGORITHMS.OBJ
C:\USERS\STEVE\DOCUMENTS\GITHUB\ZXING\CPP\BIN\LIBZXING.DIR\RELEASE\BIGINTEGER.OBJ
C:\USERS\STEVE\DOCUMENTS\GITHUB\ZXING\CPP\BIN\LIBZXING.DIR\RELEASE\RESULTPOINTCALLBACK.OBJ
C:\USERS\STEVE\DOCUMENTS\GITHUB\ZXING\CPP\BIN\LIBZXING.DIR\RELEASE\RESULTPOINT.OBJ
C:\USERS\STEVE\DOCUMENTS\GITHUB\ZXING\CPP\BIN\LIBZXING.DIR\RELEASE\RESULTIO.OBJ
C:\USERS\STEVE\DOCUMENTS\GITHUB\ZXING\CPP\BIN\LIBZXING.DIR\RELEASE\RESULT.OBJ
C:\USERS\STEVE\DOCUMENTS\GITHUB\ZXING\CPP\BIN\LIBZXING.DIR\RELEASE\READER.OBJ
C:\USERS\STEVE\DOCUMENTS\GITHUB\ZXING\CPP\BIN\LIBZXING.DIR\RELEASE\QRCODEREADER.OBJ
C:\USERS\STEVE\DOCUMENTS\GITHUB\ZXING\CPP\BIN\LIBZXING.DIR\RELEASE\FORMATINFORMATION.OBJ
C:\USERS\STEVE\DOCUMENTS\GITHUB\ZXING\CPP\BIN\LIBZXING.DIR\RELEASE\ERRORCORRECTIONLEVEL.OBJ
C:\USERS\STEVE\DOCUMENTS\GITHUB\ZXING\CPP\BIN\LIBZXING.DIR\RELEASE\FINDERPATTERNINFO.OBJ
C:\USERS\STEVE\DOCUMENTS\GITHUB\ZXING\CPP\BIN\LIBZXING.DIR\RELEASE\FINDERPATTERNFINDER.OBJ
C:\USERS\STEVE\DOCUMENTS\GITHUB\ZXING\CPP\BIN\LIBZXING.DIR\RELEASE\FINDERPATTERN.OBJ
C:\USERS\STEVE\DOCUMENTS\GITHUB\ZXING\CPP\BIN\LIBZXING.DIR\RELEASE\ALIGNMENTPATTERNFINDER.OBJ
C:\USERS\STEVE\DOCUMENTS\GITHUB\ZXING\CPP\BIN\LIBZXING.DIR\RELEASE\ALIGNMENTPATTERN.OBJ
C:\USERS\STEVE\DOCUMENTS\GITHUB\ZXING\CPP\BIN\LIBZXING.DIR\RELEASE\MODE.OBJ
C:\USERS\STEVE\DOCUMENTS\GITHUB\ZXING\CPP\BIN\LIBZXING.DIR\RELEASE\DATAMASK.OBJ
C:\USERS\STEVE\DOCUMENTS\GITHUB\ZXING\CPP\BIN\LIBZXING.DIR\RELEASE\PDF417READER.OBJ
C:\USERS\STEVE\DOCUMENTS\GITHUB\ZXING\CPP\BIN\LIBZXING.DIR\RELEASE\LINESSAMPLER.OBJ
C:\USERS\STEVE\DOCUMENTS\GITHUB\ZXING\CPP\BIN\LIBZXING.DIR\RELEASE\BIGUNSIGNEDINABASE.OBJ
C:\USERS\STEVE\DOCUMENTS\GITHUB\ZXING\CPP\BIN\LIBZXING.DIR\RELEASE\BIGUNSIGNED.OBJ
C:\USERS\STEVE\DOCUMENTS\GITHUB\ZXING\CPP\BIN\LIBZXING.DIR\RELEASE\CORE\SRC\ZXING\AZTEC\DECODER\DECODER.CPP.OBJ
C:\USERS\STEVE\DOCUMENTS\GITHUB\ZXING\CPP\BIN\LIBZXING.DIR\RELEASE\CORE\SRC\ZXING\AZTEC\DETECTOR\DETECTOR.CPP.OBJ
C:\USERS\STEVE\DOCUMENTS\GITHUB\ZXING\CPP\BIN\LIBZXING.DIR\RELEASE\CORE\SRC\ZXING\DATAMATRIX\DECODER\BITMATRIXPARSER.CPP.OBJ
C:\USERS\STEVE\DOCUMENTS\GITHUB\ZXING\CPP\BIN\LIBZXING.DIR\RELEASE\CORE\SRC\ZXING\DATAMATRIX\DECODER\DATABLOCK.CPP.OBJ
C:\USERS\STEVE\DOCUMENTS\GITHUB\ZXING\CPP\BIN\LIBZXING.DIR\RELEASE\CORE\SRC\ZXING\DATAMATRIX\DECODER\DECODEDBITSTREAMPARSER.CPP.OBJ
C:\USERS\STEVE\DOCUMENTS\GITHUB\ZXING\CPP\BIN\LIBZXING.DIR\RELEASE\CORE\SRC\ZXING\DATAMATRIX\DECODER\DECODER.CPP.OBJ
C:\USERS\STEVE\DOCUMENTS\GITHUB\ZXING\CPP\BIN\LIBZXING.DIR\RELEASE\CORE\SRC\ZXING\DATAMATRIX\DETECTOR\DETECTOR.CPP.OBJ
C:\USERS\STEVE\DOCUMENTS\GITHUB\ZXING\CPP\BIN\LIBZXING.DIR\RELEASE\CORE\SRC\ZXING\DATAMATRIX\VERSION.CPP.OBJ
C:\USERS\STEVE\DOCUMENTS\GITHUB\ZXING\CPP\BIN\LIBZXING.DIR\RELEASE\CORE\SRC\ZXING\PDF417\DECODER\BITMATRIXPARSER.CPP.OBJ
C:\USERS\STEVE\DOCUMENTS\GITHUB\ZXING\CPP\BIN\LIBZXING.DIR\RELEASE\CORE\SRC\ZXING\PDF417\DECODER\DECODEDBITSTREAMPARSER.CPP.OBJ
C:\USERS\STEVE\DOCUMENTS\GITHUB\ZXING\CPP\BIN\LIBZXING.DIR\RELEASE\CORE\SRC\ZXING\PDF417\DECODER\DECODER.CPP.OBJ
C:\USERS\STEVE\DOCUMENTS\GITHUB\ZXING\CPP\BIN\LIBZXING.DIR\RELEASE\CORE\SRC\ZXING\PDF417\DETECTOR\DETECTOR.CPP.OBJ
C:\USERS\STEVE\DOCUMENTS\GITHUB\ZXING\CPP\BIN\LIBZXING.DIR\RELEASE\CORE\SRC\ZXING\QRCODE\DECODER\BITMATRIXPARSER.CPP.OBJ
C:\USERS\STEVE\DOCUMENTS\GITHUB\ZXING\CPP\BIN\LIBZXING.DIR\RELEASE\CORE\SRC\ZXING\QRCODE\DECODER\DATABLOCK.CPP.OBJ
C:\USERS\STEVE\DOCUMENTS\GITHUB\ZXING\CPP\BIN\LIBZXING.DIR\RELEASE\CORE\SRC\ZXING\QRCODE\DECODER\DECODEDBITSTREAMPARSER.CPP.OBJ
C:\USERS\STEVE\DOCUMENTS\GITHUB\ZXING\CPP\BIN\LIBZXING.DIR\RELEASE\CORE\SRC\ZXING\QRCODE\DECODER\DECODER.CPP.OBJ
C:\USERS\STEVE\DOCUMENTS\GITHUB\ZXING\CPP\BIN\LIBZXING.DIR\RELEASE\CORE\SRC\ZXING\QRCODE\DETECTOR\DETECTOR.CPP.OBJ
C:\USERS\STEVE\DOCUMENTS\GITHUB\ZXING\CPP\BIN\LIBZXING.DIR\RELEASE\CORE\SRC\ZXING\QRCODE\VERSION.CPP.OBJ
C:\USERS\STEVE\DOCUMENTS\GITHUB\ZXING\CPP\BIN\CMAKEFILES\GENERATE.STAMP
C:\USERS\STEVE\DOCUMENTS\GITHUB\ZXING\CPP\BIN\RELEASE\LIBZXING.LIB
C:\Users\steve\Documents\GitHub\zxing\cpp\bin\libzxing.dir\Release\AlignmentPattern.obj
C:\Users\steve\Documents\GitHub\zxing\cpp\bin\libzxing.dir\Release\AlignmentPatternFinder.obj
C:\Users\steve\Documents\GitHub\zxing\cpp\bin\libzxing.dir\Release\AztecDetectorResult.obj
C:\Users\steve\Documents\GitHub\zxing\cpp\bin\libzxing.dir\Release\AztecReader.obj
C:\Users\steve\Documents\GitHub\zxing\cpp\bin\libzxing.dir\Release\BarcodeFormat.obj
C:\Users\steve\Documents\GitHub\zxing\cpp\bin\libzxing.dir\Release\BigInteger.obj
C:\Users\steve\Documents\GitHub\zxing\cpp\bin\libzxing.dir\Release\BigIntegerAlgorithms.obj
C:\Users\steve\Documents\GitHub\zxing\cpp\bin\libzxing.dir\Release\BigIntegerUtils.obj
C:\Users\steve\Documents\GitHub\zxing\cpp\bin\libzxing.dir\Release\BigUnsigned.obj
C:\Users\steve\Documents\GitHub\zxing\cpp\bin\libzxing.dir\Release\BigUnsignedInABase.obj
C:\Users\steve\Documents\GitHub\zxing\cpp\bin\libzxing.dir\Release\Binarizer.obj
C:\Users\steve\Documents\GitHub\zxing\cpp\bin\libzxing.dir\Release\BinaryBitmap.obj
C:\Users\steve\Documents\GitHub\zxing\cpp\bin\libzxing.dir\Release\BitArray.obj
C:\Users\steve\Documents\GitHub\zxing\cpp\bin\libzxing.dir\Release\BitArrayIO.obj
C:\Users\steve\Documents\GitHub\zxing\cpp\bin\libzxing.dir\Release\BitMatrix.obj
C:\Users\steve\Documents\GitHub\zxing\cpp\bin\libzxing.dir\Release\BitSource.obj
C:\Users\steve\Documents\GitHub\zxing\cpp\bin\libzxing.dir\Release\ByQuadrantReader.obj
C:\Users\steve\Documents\GitHub\zxing\cpp\bin\libzxing.dir\Release\CharacterSetECI.obj
C:\Users\steve\Documents\GitHub\zxing\cpp\bin\libzxing.dir\Release\ChecksumException.obj
C:\Users\steve\Documents\GitHub\zxing\cpp\bin\libzxing.dir\Release\CodaBarReader.obj
C:\Users\steve\Documents\GitHub\zxing\cpp\bin\libzxing.dir\Release\Code128Reader.obj
C:\Users\steve\Documents\GitHub\zxing\cpp\bin\libzxing.dir\Release\Code39Reader.obj
C:\Users\steve\Documents\GitHub\zxing\cpp\bin\libzxing.dir\Release\Code93Reader.obj
C:\Users\steve\Documents\GitHub\zxing\cpp\bin\libzxing.dir\Release\CornerPoint.obj
C:\Users\steve\Documents\GitHub\zxing\cpp\bin\libzxing.dir\Release\DataMask.obj
C:\Users\steve\Documents\GitHub\zxing\cpp\bin\libzxing.dir\Release\DataMatrixReader.obj
C:\Users\steve\Documents\GitHub\zxing\cpp\bin\libzxing.dir\Release\DecodeHints.obj
C:\Users\steve\Documents\GitHub\zxing\cpp\bin\libzxing.dir\Release\DecoderResult.obj
C:\Users\steve\Documents\GitHub\zxing\cpp\bin\libzxing.dir\Release\DetectorException.obj
C:\Users\steve\Documents\GitHub\zxing\cpp\bin\libzxing.dir\Release\DetectorResult.obj
C:\Users\steve\Documents\GitHub\zxing\cpp\bin\libzxing.dir\Release\EAN13Reader.obj
C:\Users\steve\Documents\GitHub\zxing\cpp\bin\libzxing.dir\Release\EAN8Reader.obj
C:\Users\steve\Documents\GitHub\zxing\cpp\bin\libzxing.dir\Release\ErrorCorrection.obj
C:\Users\steve\Documents\GitHub\zxing\cpp\bin\libzxing.dir\Release\ErrorCorrectionLevel.obj
C:\Users\steve\Documents\GitHub\zxing\cpp\bin\libzxing.dir\Release\Exception.obj
C:\Users\steve\Documents\GitHub\zxing\cpp\bin\libzxing.dir\Release\FinderPattern.obj
C:\Users\steve\Documents\GitHub\zxing\cpp\bin\libzxing.dir\Release\FinderPatternFinder.obj
C:\Users\steve\Documents\GitHub\zxing\cpp\bin\libzxing.dir\Release\FinderPatternInfo.obj
C:\Users\steve\Documents\GitHub\zxing\cpp\bin\libzxing.dir\Release\FormatException.obj
C:\Users\steve\Documents\GitHub\zxing\cpp\bin\libzxing.dir\Release\FormatInformation.obj
C:\Users\steve\Documents\GitHub\zxing\cpp\bin\libzxing.dir\Release\GenericGF.obj
C:\Users\steve\Documents\GitHub\zxing\cpp\bin\libzxing.dir\Release\GenericGFPoly.obj
C:\Users\steve\Documents\GitHub\zxing\cpp\bin\libzxing.dir\Release\GenericMultipleBarcodeReader.obj
C:\Users\steve\Documents\GitHub\zxing\cpp\bin\libzxing.dir\Release\GlobalHistogramBinarizer.obj
C:\Users\steve\Documents\GitHub\zxing\cpp\bin\libzxing.dir\Release\GreyscaleLuminanceSource.obj
C:\Users\steve\Documents\GitHub\zxing\cpp\bin\libzxing.dir\Release\GreyscaleRotatedLuminanceSource.obj
C:\Users\steve\Documents\GitHub\zxing\cpp\bin\libzxing.dir\Release\GridSampler.obj
C:\Users\steve\Documents\GitHub\zxing\cpp\bin\libzxing.dir\Release\HybridBinarizer.obj
C:\Users\steve\Documents\GitHub\zxing\cpp\bin\libzxing.dir\Release\IllegalArgumentException.obj
C:\Users\steve\Documents\GitHub\zxing\cpp\bin\libzxing.dir\Release\InvertedLuminanceSource.obj
C:\Users\steve\Documents\GitHub\zxing\cpp\bin\libzxing.dir\Release\ITFReader.obj
C:\Users\steve\Documents\GitHub\zxing\cpp\bin\libzxing.dir\Release\LinesSampler.obj
C:\Users\steve\Documents\GitHub\zxing\cpp\bin\libzxing.dir\Release\LuminanceSource.obj
C:\Users\steve\Documents\GitHub\zxing\cpp\bin\libzxing.dir\Release\Mode.obj
C:\Users\steve\Documents\GitHub\zxing\cpp\bin\libzxing.dir\Release\ModulusGF.obj
C:\Users\steve\Documents\GitHub\zxing\cpp\bin\libzxing.dir\Release\ModulusPoly.obj
C:\Users\steve\Documents\GitHub\zxing\cpp\bin\libzxing.dir\Release\MonochromeRectangleDetector.obj
C:\Users\steve\Documents\GitHub\zxing\cpp\bin\libzxing.dir\Release\MultiDetector.obj
C:\Users\steve\Documents\GitHub\zxing\cpp\bin\libzxing.dir\Release\MultiFinderPatternFinder.obj
C:\Users\steve\Documents\GitHub\zxing\cpp\bin\libzxing.dir\Release\MultiFormatOneDReader.obj
C:\Users\steve\Documents\GitHub\zxing\cpp\bin\libzxing.dir\Release\MultiFormatReader.obj
C:\Users\steve\Documents\GitHub\zxing\cpp\bin\libzxing.dir\Release\MultiFormatUPCEANReader.obj
C:\Users\steve\Documents\GitHub\zxing\cpp\bin\libzxing.dir\Release\MultipleBarcodeReader.obj
C:\Users\steve\Documents\GitHub\zxing\cpp\bin\libzxing.dir\Release\OneDReader.obj
C:\Users\steve\Documents\GitHub\zxing\cpp\bin\libzxing.dir\Release\OneDResultPoint.obj
C:\Users\steve\Documents\GitHub\zxing\cpp\bin\libzxing.dir\Release\PDF417Reader.obj
C:\Users\steve\Documents\GitHub\zxing\cpp\bin\libzxing.dir\Release\PerspectiveTransform.obj
C:\Users\steve\Documents\GitHub\zxing\cpp\bin\libzxing.dir\Release\QRCodeMultiReader.obj
C:\Users\steve\Documents\GitHub\zxing\cpp\bin\libzxing.dir\Release\QRCodeReader.obj
C:\Users\steve\Documents\GitHub\zxing\cpp\bin\libzxing.dir\Release\Reader.obj
C:\Users\steve\Documents\GitHub\zxing\cpp\bin\libzxing.dir\Release\ReedSolomonDecoder.obj
C:\Users\steve\Documents\GitHub\zxing\cpp\bin\libzxing.dir\Release\ReedSolomonException.obj
C:\Users\steve\Documents\GitHub\zxing\cpp\bin\libzxing.dir\Release\Result.obj
C:\Users\steve\Documents\GitHub\zxing\cpp\bin\libzxing.dir\Release\ResultIO.obj
C:\Users\steve\Documents\GitHub\zxing\cpp\bin\libzxing.dir\Release\ResultPoint.obj
C:\Users\steve\Documents\GitHub\zxing\cpp\bin\libzxing.dir\Release\ResultPointCallback.obj
C:\Users\steve\Documents\GitHub\zxing\cpp\bin\libzxing.dir\Release\Str.obj
C:\Users\steve\Documents\GitHub\zxing\cpp\bin\libzxing.dir\Release\StringUtils.obj
C:\Users\steve\Documents\GitHub\zxing\cpp\bin\libzxing.dir\Release\UPCAReader.obj
C:\Users\steve\Documents\GitHub\zxing\cpp\bin\libzxing.dir\Release\UPCEANReader.obj
C:\Users\steve\Documents\GitHub\zxing\cpp\bin\libzxing.dir\Release\UPCEReader.obj
C:\Users\steve\Documents\GitHub\zxing\cpp\bin\libzxing.dir\Release\WhiteRectangleDetector.obj
C:\Users\steve\Documents\GitHub\zxing\cpp\bin\libzxing.dir\Release\cl.command.1.tlog
C:\Users\steve\Documents\GitHub\zxing\cpp\bin\libzxing.dir\Release\CL.read.1.tlog
C:\Users\steve\Documents\GitHub\zxing\cpp\bin\libzxing.dir\Release\CL.write.1.tlog
C:\Users\steve\Documents\GitHub\zxing\cpp\bin\libzxing.dir\Release\custombuild.command.1.tlog
C:\Users\steve\Documents\GitHub\zxing\cpp\bin\libzxing.dir\Release\custombuild.read.1.tlog
C:\Users\steve\Documents\GitHub\zxing\cpp\bin\libzxing.dir\Release\custombuild.write.1.tlog
C:\Users\steve\Documents\GitHub\zxing\cpp\bin\libzxing.dir\Release\Lib-link.read.1.tlog
C:\Users\steve\Documents\GitHub\zxing\cpp\bin\libzxing.dir\Release\Lib-link.write.1.tlog
C:\Users\steve\Documents\GitHub\zxing\cpp\bin\libzxing.dir\Release\lib.command.1.tlog
C:\Users\steve\Documents\GitHub\zxing\cpp\bin\Release\libzxing.lib
