c:\users\stefanos\downloads\zxing-00f634024ceeee591f54e6984ea7dd666fab22ae\cpp\bin\libzxing.dir\debug\libzxing.pdb
c:\users\stefanos\downloads\zxing-00f634024ceeee591f54e6984ea7dd666fab22ae\cpp\bin\libzxing.dir\debug\bitmatrix.obj
c:\users\stefanos\downloads\zxing-00f634024ceeee591f54e6984ea7dd666fab22ae\cpp\bin\libzxing.dir\debug\bitarrayio.obj
c:\users\stefanos\downloads\zxing-00f634024ceeee591f54e6984ea7dd666fab22ae\cpp\bin\libzxing.dir\debug\bitarray.obj
c:\users\stefanos\downloads\zxing-00f634024ceeee591f54e6984ea7dd666fab22ae\cpp\bin\libzxing.dir\debug\aztecreader.obj
c:\users\stefanos\downloads\zxing-00f634024ceeee591f54e6984ea7dd666fab22ae\cpp\bin\libzxing.dir\debug\aztecdetectorresult.obj
c:\users\stefanos\downloads\zxing-00f634024ceeee591f54e6984ea7dd666fab22ae\cpp\bin\libzxing.dir\debug\resultpointcallback.obj
c:\users\stefanos\downloads\zxing-00f634024ceeee591f54e6984ea7dd666fab22ae\cpp\bin\libzxing.dir\debug\resultpoint.obj
c:\users\stefanos\downloads\zxing-00f634024ceeee591f54e6984ea7dd666fab22ae\cpp\bin\libzxing.dir\debug\resultio.obj
c:\users\stefanos\downloads\zxing-00f634024ceeee591f54e6984ea7dd666fab22ae\cpp\bin\libzxing.dir\debug\result.obj
c:\users\stefanos\downloads\zxing-00f634024ceeee591f54e6984ea7dd666fab22ae\cpp\bin\libzxing.dir\debug\reader.obj
c:\users\stefanos\downloads\zxing-00f634024ceeee591f54e6984ea7dd666fab22ae\cpp\bin\libzxing.dir\debug\multiformatreader.obj
c:\users\stefanos\downloads\zxing-00f634024ceeee591f54e6984ea7dd666fab22ae\cpp\bin\libzxing.dir\debug\luminancesource.obj
c:\users\stefanos\downloads\zxing-00f634024ceeee591f54e6984ea7dd666fab22ae\cpp\bin\libzxing.dir\debug\invertedluminancesource.obj
c:\users\stefanos\downloads\zxing-00f634024ceeee591f54e6984ea7dd666fab22ae\cpp\bin\libzxing.dir\debug\formatexception.obj
c:\users\stefanos\downloads\zxing-00f634024ceeee591f54e6984ea7dd666fab22ae\cpp\bin\libzxing.dir\debug\exception.obj
c:\users\stefanos\downloads\zxing-00f634024ceeee591f54e6984ea7dd666fab22ae\cpp\bin\libzxing.dir\debug\decodehints.obj
c:\users\stefanos\downloads\zxing-00f634024ceeee591f54e6984ea7dd666fab22ae\cpp\bin\libzxing.dir\debug\checksumexception.obj
c:\users\stefanos\downloads\zxing-00f634024ceeee591f54e6984ea7dd666fab22ae\cpp\bin\libzxing.dir\debug\binarybitmap.obj
c:\users\stefanos\downloads\zxing-00f634024ceeee591f54e6984ea7dd666fab22ae\cpp\bin\libzxing.dir\debug\binarizer.obj
c:\users\stefanos\downloads\zxing-00f634024ceeee591f54e6984ea7dd666fab22ae\cpp\bin\libzxing.dir\debug\barcodeformat.obj
c:\users\stefanos\downloads\zxing-00f634024ceeee591f54e6984ea7dd666fab22ae\cpp\bin\libzxing.dir\debug\datamatrixreader.obj
c:\users\stefanos\downloads\zxing-00f634024ceeee591f54e6984ea7dd666fab22ae\cpp\bin\libzxing.dir\debug\reedsolomonexception.obj
c:\users\stefanos\downloads\zxing-00f634024ceeee591f54e6984ea7dd666fab22ae\cpp\bin\libzxing.dir\debug\reedsolomondecoder.obj
c:\users\stefanos\downloads\zxing-00f634024ceeee591f54e6984ea7dd666fab22ae\cpp\bin\libzxing.dir\debug\genericgfpoly.obj
c:\users\stefanos\downloads\zxing-00f634024ceeee591f54e6984ea7dd666fab22ae\cpp\bin\libzxing.dir\debug\genericgf.obj
c:\users\stefanos\downloads\zxing-00f634024ceeee591f54e6984ea7dd666fab22ae\cpp\bin\libzxing.dir\debug\whiterectangledetector.obj
c:\users\stefanos\downloads\zxing-00f634024ceeee591f54e6984ea7dd666fab22ae\cpp\bin\libzxing.dir\debug\monochromerectangledetector.obj
c:\users\stefanos\downloads\zxing-00f634024ceeee591f54e6984ea7dd666fab22ae\cpp\bin\libzxing.dir\debug\stringutils.obj
c:\users\stefanos\downloads\zxing-00f634024ceeee591f54e6984ea7dd666fab22ae\cpp\bin\libzxing.dir\debug\str.obj
c:\users\stefanos\downloads\zxing-00f634024ceeee591f54e6984ea7dd666fab22ae\cpp\bin\libzxing.dir\debug\perspectivetransform.obj
c:\users\stefanos\downloads\zxing-00f634024ceeee591f54e6984ea7dd666fab22ae\cpp\bin\libzxing.dir\debug\illegalargumentexception.obj
c:\users\stefanos\downloads\zxing-00f634024ceeee591f54e6984ea7dd666fab22ae\cpp\bin\libzxing.dir\debug\hybridbinarizer.obj
c:\users\stefanos\downloads\zxing-00f634024ceeee591f54e6984ea7dd666fab22ae\cpp\bin\libzxing.dir\debug\gridsampler.obj
c:\users\stefanos\downloads\zxing-00f634024ceeee591f54e6984ea7dd666fab22ae\cpp\bin\libzxing.dir\debug\greyscalerotatedluminancesource.obj
c:\users\stefanos\downloads\zxing-00f634024ceeee591f54e6984ea7dd666fab22ae\cpp\bin\libzxing.dir\debug\greyscaleluminancesource.obj
c:\users\stefanos\downloads\zxing-00f634024ceeee591f54e6984ea7dd666fab22ae\cpp\bin\libzxing.dir\debug\globalhistogrambinarizer.obj
c:\users\stefanos\downloads\zxing-00f634024ceeee591f54e6984ea7dd666fab22ae\cpp\bin\libzxing.dir\debug\detectorresult.obj
c:\users\stefanos\downloads\zxing-00f634024ceeee591f54e6984ea7dd666fab22ae\cpp\bin\libzxing.dir\debug\decoderresult.obj
c:\users\stefanos\downloads\zxing-00f634024ceeee591f54e6984ea7dd666fab22ae\cpp\bin\libzxing.dir\debug\characterseteci.obj
c:\users\stefanos\downloads\zxing-00f634024ceeee591f54e6984ea7dd666fab22ae\cpp\bin\libzxing.dir\debug\bitsource.obj
c:\users\stefanos\downloads\zxing-00f634024ceeee591f54e6984ea7dd666fab22ae\cpp\bin\libzxing.dir\debug\upcareader.obj
c:\users\stefanos\downloads\zxing-00f634024ceeee591f54e6984ea7dd666fab22ae\cpp\bin\libzxing.dir\debug\onedresultpoint.obj
c:\users\stefanos\downloads\zxing-00f634024ceeee591f54e6984ea7dd666fab22ae\cpp\bin\libzxing.dir\debug\onedreader.obj
c:\users\stefanos\downloads\zxing-00f634024ceeee591f54e6984ea7dd666fab22ae\cpp\bin\libzxing.dir\debug\multiformatupceanreader.obj
c:\users\stefanos\downloads\zxing-00f634024ceeee591f54e6984ea7dd666fab22ae\cpp\bin\libzxing.dir\debug\multiformatonedreader.obj
c:\users\stefanos\downloads\zxing-00f634024ceeee591f54e6984ea7dd666fab22ae\cpp\bin\libzxing.dir\debug\itfreader.obj
c:\users\stefanos\downloads\zxing-00f634024ceeee591f54e6984ea7dd666fab22ae\cpp\bin\libzxing.dir\debug\ean8reader.obj
c:\users\stefanos\downloads\zxing-00f634024ceeee591f54e6984ea7dd666fab22ae\cpp\bin\libzxing.dir\debug\ean13reader.obj
c:\users\stefanos\downloads\zxing-00f634024ceeee591f54e6984ea7dd666fab22ae\cpp\bin\libzxing.dir\debug\code93reader.obj
c:\users\stefanos\downloads\zxing-00f634024ceeee591f54e6984ea7dd666fab22ae\cpp\bin\libzxing.dir\debug\code39reader.obj
c:\users\stefanos\downloads\zxing-00f634024ceeee591f54e6984ea7dd666fab22ae\cpp\bin\libzxing.dir\debug\code128reader.obj
c:\users\stefanos\downloads\zxing-00f634024ceeee591f54e6984ea7dd666fab22ae\cpp\bin\libzxing.dir\debug\codabarreader.obj
c:\users\stefanos\downloads\zxing-00f634024ceeee591f54e6984ea7dd666fab22ae\cpp\bin\libzxing.dir\debug\multifinderpatternfinder.obj
c:\users\stefanos\downloads\zxing-00f634024ceeee591f54e6984ea7dd666fab22ae\cpp\bin\libzxing.dir\debug\multidetector.obj
c:\users\stefanos\downloads\zxing-00f634024ceeee591f54e6984ea7dd666fab22ae\cpp\bin\libzxing.dir\debug\qrcodemultireader.obj
c:\users\stefanos\downloads\zxing-00f634024ceeee591f54e6984ea7dd666fab22ae\cpp\bin\libzxing.dir\debug\multiplebarcodereader.obj
c:\users\stefanos\downloads\zxing-00f634024ceeee591f54e6984ea7dd666fab22ae\cpp\bin\libzxing.dir\debug\genericmultiplebarcodereader.obj
c:\users\stefanos\downloads\zxing-00f634024ceeee591f54e6984ea7dd666fab22ae\cpp\bin\libzxing.dir\debug\byquadrantreader.obj
c:\users\stefanos\downloads\zxing-00f634024ceeee591f54e6984ea7dd666fab22ae\cpp\bin\libzxing.dir\debug\detectorexception.obj
c:\users\stefanos\downloads\zxing-00f634024ceeee591f54e6984ea7dd666fab22ae\cpp\bin\libzxing.dir\debug\cornerpoint.obj
c:\users\stefanos\downloads\zxing-00f634024ceeee591f54e6984ea7dd666fab22ae\cpp\bin\libzxing.dir\debug\bigintegerutils.obj
c:\users\stefanos\downloads\zxing-00f634024ceeee591f54e6984ea7dd666fab22ae\cpp\bin\libzxing.dir\debug\bigintegeralgorithms.obj
c:\users\stefanos\downloads\zxing-00f634024ceeee591f54e6984ea7dd666fab22ae\cpp\bin\libzxing.dir\debug\biginteger.obj
c:\users\stefanos\downloads\zxing-00f634024ceeee591f54e6984ea7dd666fab22ae\cpp\bin\libzxing.dir\debug\finderpatterninfo.obj
c:\users\stefanos\downloads\zxing-00f634024ceeee591f54e6984ea7dd666fab22ae\cpp\bin\libzxing.dir\debug\finderpatternfinder.obj
c:\users\stefanos\downloads\zxing-00f634024ceeee591f54e6984ea7dd666fab22ae\cpp\bin\libzxing.dir\debug\finderpattern.obj
c:\users\stefanos\downloads\zxing-00f634024ceeee591f54e6984ea7dd666fab22ae\cpp\bin\libzxing.dir\debug\alignmentpatternfinder.obj
c:\users\stefanos\downloads\zxing-00f634024ceeee591f54e6984ea7dd666fab22ae\cpp\bin\libzxing.dir\debug\alignmentpattern.obj
c:\users\stefanos\downloads\zxing-00f634024ceeee591f54e6984ea7dd666fab22ae\cpp\bin\libzxing.dir\debug\mode.obj
c:\users\stefanos\downloads\zxing-00f634024ceeee591f54e6984ea7dd666fab22ae\cpp\bin\libzxing.dir\debug\datamask.obj
c:\users\stefanos\downloads\zxing-00f634024ceeee591f54e6984ea7dd666fab22ae\cpp\bin\libzxing.dir\debug\qrcodereader.obj
c:\users\stefanos\downloads\zxing-00f634024ceeee591f54e6984ea7dd666fab22ae\cpp\bin\libzxing.dir\debug\formatinformation.obj
c:\users\stefanos\downloads\zxing-00f634024ceeee591f54e6984ea7dd666fab22ae\cpp\bin\libzxing.dir\debug\errorcorrectionlevel.obj
c:\users\stefanos\downloads\zxing-00f634024ceeee591f54e6984ea7dd666fab22ae\cpp\bin\libzxing.dir\debug\linessampler.obj
c:\users\stefanos\downloads\zxing-00f634024ceeee591f54e6984ea7dd666fab22ae\cpp\bin\libzxing.dir\debug\moduluspoly.obj
c:\users\stefanos\downloads\zxing-00f634024ceeee591f54e6984ea7dd666fab22ae\cpp\bin\libzxing.dir\debug\modulusgf.obj
c:\users\stefanos\downloads\zxing-00f634024ceeee591f54e6984ea7dd666fab22ae\cpp\bin\libzxing.dir\debug\errorcorrection.obj
c:\users\stefanos\downloads\zxing-00f634024ceeee591f54e6984ea7dd666fab22ae\cpp\bin\libzxing.dir\debug\pdf417reader.obj
c:\users\stefanos\downloads\zxing-00f634024ceeee591f54e6984ea7dd666fab22ae\cpp\bin\libzxing.dir\debug\upcereader.obj
c:\users\stefanos\downloads\zxing-00f634024ceeee591f54e6984ea7dd666fab22ae\cpp\bin\libzxing.dir\debug\upceanreader.obj
c:\users\stefanos\downloads\zxing-00f634024ceeee591f54e6984ea7dd666fab22ae\cpp\bin\libzxing.dir\debug\bigunsignedinabase.obj
c:\users\stefanos\downloads\zxing-00f634024ceeee591f54e6984ea7dd666fab22ae\cpp\bin\libzxing.dir\debug\bigunsigned.obj
c:\users\stefanos\downloads\zxing-00f634024ceeee591f54e6984ea7dd666fab22ae\cpp\bin\libzxing.dir\debug\core\src\zxing\aztec\decoder\decoder.cpp.obj
c:\users\stefanos\downloads\zxing-00f634024ceeee591f54e6984ea7dd666fab22ae\cpp\bin\libzxing.dir\debug\core\src\zxing\aztec\detector\detector.cpp.obj
c:\users\stefanos\downloads\zxing-00f634024ceeee591f54e6984ea7dd666fab22ae\cpp\bin\libzxing.dir\debug\core\src\zxing\datamatrix\version.cpp.obj
c:\users\stefanos\downloads\zxing-00f634024ceeee591f54e6984ea7dd666fab22ae\cpp\bin\libzxing.dir\debug\core\src\zxing\datamatrix\decoder\bitmatrixparser.cpp.obj
c:\users\stefanos\downloads\zxing-00f634024ceeee591f54e6984ea7dd666fab22ae\cpp\bin\libzxing.dir\debug\core\src\zxing\datamatrix\decoder\datablock.cpp.obj
c:\users\stefanos\downloads\zxing-00f634024ceeee591f54e6984ea7dd666fab22ae\cpp\bin\libzxing.dir\debug\core\src\zxing\datamatrix\decoder\decodedbitstreamparser.cpp.obj
c:\users\stefanos\downloads\zxing-00f634024ceeee591f54e6984ea7dd666fab22ae\cpp\bin\libzxing.dir\debug\core\src\zxing\datamatrix\decoder\decoder.cpp.obj
c:\users\stefanos\downloads\zxing-00f634024ceeee591f54e6984ea7dd666fab22ae\cpp\bin\libzxing.dir\debug\core\src\zxing\datamatrix\detector\detector.cpp.obj
c:\users\stefanos\downloads\zxing-00f634024ceeee591f54e6984ea7dd666fab22ae\cpp\bin\libzxing.dir\debug\core\src\zxing\pdf417\decoder\bitmatrixparser.cpp.obj
c:\users\stefanos\downloads\zxing-00f634024ceeee591f54e6984ea7dd666fab22ae\cpp\bin\libzxing.dir\debug\core\src\zxing\pdf417\decoder\decodedbitstreamparser.cpp.obj
c:\users\stefanos\downloads\zxing-00f634024ceeee591f54e6984ea7dd666fab22ae\cpp\bin\libzxing.dir\debug\core\src\zxing\pdf417\decoder\decoder.cpp.obj
c:\users\stefanos\downloads\zxing-00f634024ceeee591f54e6984ea7dd666fab22ae\cpp\bin\libzxing.dir\debug\core\src\zxing\pdf417\detector\detector.cpp.obj
c:\users\stefanos\downloads\zxing-00f634024ceeee591f54e6984ea7dd666fab22ae\cpp\bin\libzxing.dir\debug\core\src\zxing\qrcode\version.cpp.obj
c:\users\stefanos\downloads\zxing-00f634024ceeee591f54e6984ea7dd666fab22ae\cpp\bin\libzxing.dir\debug\core\src\zxing\qrcode\decoder\bitmatrixparser.cpp.obj
c:\users\stefanos\downloads\zxing-00f634024ceeee591f54e6984ea7dd666fab22ae\cpp\bin\libzxing.dir\debug\core\src\zxing\qrcode\decoder\datablock.cpp.obj
c:\users\stefanos\downloads\zxing-00f634024ceeee591f54e6984ea7dd666fab22ae\cpp\bin\libzxing.dir\debug\core\src\zxing\qrcode\decoder\decodedbitstreamparser.cpp.obj
c:\users\stefanos\downloads\zxing-00f634024ceeee591f54e6984ea7dd666fab22ae\cpp\bin\libzxing.dir\debug\core\src\zxing\qrcode\decoder\decoder.cpp.obj
c:\users\stefanos\downloads\zxing-00f634024ceeee591f54e6984ea7dd666fab22ae\cpp\bin\libzxing.dir\debug\core\src\zxing\qrcode\detector\detector.cpp.obj
c:\users\stefanos\downloads\zxing-00f634024ceeee591f54e6984ea7dd666fab22ae\cpp\bin\cmakefiles\generate.stamp
c:\users\stefanos\downloads\zxing-00f634024ceeee591f54e6984ea7dd666fab22ae\cpp\bin\debug\libzxing.lib
c:\users\stefanos\downloads\zxing-00f634024ceeee591f54e6984ea7dd666fab22ae\cpp\bin\debug\libzxing.pdb
c:\users\stefanos\downloads\zxing-00f634024ceeee591f54e6984ea7dd666fab22ae\cpp\bin\libzxing.dir\debug\libzxing.tlog\cl.command.1.tlog
c:\users\stefanos\downloads\zxing-00f634024ceeee591f54e6984ea7dd666fab22ae\cpp\bin\libzxing.dir\debug\libzxing.tlog\cl.read.1.tlog
c:\users\stefanos\downloads\zxing-00f634024ceeee591f54e6984ea7dd666fab22ae\cpp\bin\libzxing.dir\debug\libzxing.tlog\cl.write.1.tlog
c:\users\stefanos\downloads\zxing-00f634024ceeee591f54e6984ea7dd666fab22ae\cpp\bin\libzxing.dir\debug\libzxing.tlog\custombuild.command.1.tlog
c:\users\stefanos\downloads\zxing-00f634024ceeee591f54e6984ea7dd666fab22ae\cpp\bin\libzxing.dir\debug\libzxing.tlog\custombuild.read.1.tlog
c:\users\stefanos\downloads\zxing-00f634024ceeee591f54e6984ea7dd666fab22ae\cpp\bin\libzxing.dir\debug\libzxing.tlog\custombuild.write.1.tlog
c:\users\stefanos\downloads\zxing-00f634024ceeee591f54e6984ea7dd666fab22ae\cpp\bin\libzxing.dir\debug\libzxing.tlog\lib-link.read.1.tlog
c:\users\stefanos\downloads\zxing-00f634024ceeee591f54e6984ea7dd666fab22ae\cpp\bin\libzxing.dir\debug\libzxing.tlog\lib-link.write.1.tlog
c:\users\stefanos\downloads\zxing-00f634024ceeee591f54e6984ea7dd666fab22ae\cpp\bin\libzxing.dir\debug\libzxing.tlog\lib.command.1.tlog
