C:\USERS\STEVE\DOCUMENTS\GITHUB\ZXING\CPP\BIN\ZXING.DIR\RELEASE\MAIN.OBJ
C:\USERS\STEVE\DOCUMENTS\GITHUB\ZXING\CPP\BIN\ZXING.DIR\RELEASE\LODEPNG.OBJ
C:\USERS\STEVE\DOCUMENTS\GITHUB\ZXING\CPP\BIN\ZXING.DIR\RELEASE\JPGD.OBJ
C:\USERS\STEVE\DOCUMENTS\GITHUB\ZXING\CPP\BIN\ZXING.DIR\RELEASE\IMAGEREADERSOURCE.OBJ
C:\USERS\STEVE\DOCUMENTS\GITHUB\ZXING\CPP\BIN\CMAKEFILES\GENERATE.STAMP
C:\USERS\STEVE\DOCUMENTS\GITHUB\ZXING\CPP\BIN\RELEASE\ZXING.EXE
C:\Users\steve\Documents\GitHub\zxing\cpp\bin\zxing.dir\Release\zxing.vcxprojResolveAssemblyReference.cache
C:\Users\steve\Documents\GitHub\zxing\cpp\bin\zxing.dir\Release\ImageReaderSource.obj
C:\Users\steve\Documents\GitHub\zxing\cpp\bin\zxing.dir\Release\jpgd.obj
C:\Users\steve\Documents\GitHub\zxing\cpp\bin\zxing.dir\Release\lodepng.obj
C:\Users\steve\Documents\GitHub\zxing\cpp\bin\zxing.dir\Release\main.obj
C:\Users\steve\Documents\GitHub\zxing\cpp\bin\zxing.dir\Release\cl.command.1.tlog
C:\Users\steve\Documents\GitHub\zxing\cpp\bin\zxing.dir\Release\CL.read.1.tlog
C:\Users\steve\Documents\GitHub\zxing\cpp\bin\zxing.dir\Release\CL.write.1.tlog
C:\Users\steve\Documents\GitHub\zxing\cpp\bin\zxing.dir\Release\custombuild.command.1.tlog
C:\Users\steve\Documents\GitHub\zxing\cpp\bin\zxing.dir\Release\custombuild.read.1.tlog
C:\Users\steve\Documents\GitHub\zxing\cpp\bin\zxing.dir\Release\custombuild.write.1.tlog
C:\Users\steve\Documents\GitHub\zxing\cpp\bin\zxing.dir\Release\link-cvtres.read.1.tlog
C:\Users\steve\Documents\GitHub\zxing\cpp\bin\zxing.dir\Release\link-cvtres.write.1.tlog
C:\Users\steve\Documents\GitHub\zxing\cpp\bin\zxing.dir\Release\link-rc.read.1.tlog
C:\Users\steve\Documents\GitHub\zxing\cpp\bin\zxing.dir\Release\link-rc.write.1.tlog
C:\Users\steve\Documents\GitHub\zxing\cpp\bin\zxing.dir\Release\link.command.1.tlog
C:\Users\steve\Documents\GitHub\zxing\cpp\bin\zxing.dir\Release\link.read.1.tlog
C:\Users\steve\Documents\GitHub\zxing\cpp\bin\zxing.dir\Release\link.write.1.tlog
C:\Users\steve\Documents\GitHub\zxing\cpp\bin\Release\zxing.exe
